<?xml version="1.0" encoding="UTF-8"?>
<!-- Generated by org.testng.reporters.JUnitReportReporter -->
<testsuite skipped="0" hostname="DESKTOP-V564ULC" name="AddCartTest" tests="1" failures="0" timestamp="2020-09-27T13:28:58 BRT" time="6.148" errors="0">
  <testcase name="addComputerToCart" time="6.148" classname="AddCartTest"/>
  <system-out/>
</testsuite> <!-- AddCartTest -->
