<?xml version="1.0" encoding="UTF-8"?>
<!-- Generated by org.testng.reporters.JUnitReportReporter -->
<testsuite skipped="0" hostname="DESKTOP-V564ULC" name="tests.ChoosePhone" tests="1" failures="0" timestamp="2020-09-28T20:10:20 BRT" time="3.224" errors="0">
  <testcase name="GetFirstPhone" time="3.224" classname="tests.ChoosePhone"/>
  <system-out/>
</testsuite> <!-- tests.ChoosePhone -->
